Line 27: Class TabDlg.SSTab of control SSTab1 was not a loaded control class.
Line 224: Class PicClip.PictureClip of control PicClip was not a loaded control class.
Line 33: The property name _ExtentX in SSTab1 is invalid.
Line 34: The property name _ExtentY in SSTab1 is invalid.
Line 35: The property name _Version in SSTab1 is invalid.
Line 36: The property name TabHeight in SSTab1 is invalid.
Line 38: The property name TabCaption(0) in SSTab1 is invalid.
Line 39: The property name TabPicture(0) in SSTab1 is invalid.
Line 40: The property name Tab(0).ControlEnabled in SSTab1 is invalid.
Line 41: The property name Tab(0).Control(0) in SSTab1 is invalid.
Line 42: The property name Tab(0).Control(0).Enabled in SSTab1 is invalid.
Line 43: The property name Tab(0).ControlCount in SSTab1 is invalid.
Line 44: The property name TabCaption(1) in SSTab1 is invalid.
Line 45: The property name TabPicture(1) in SSTab1 is invalid.
Line 46: The property name Tab(1).ControlEnabled in SSTab1 is invalid.
Line 47: The property name Tab(1).Control(0) in SSTab1 is invalid.
Line 48: The property name Tab(1).Control(1) in SSTab1 is invalid.
Line 49: The property name Tab(1).Control(2) in SSTab1 is invalid.
Line 50: The property name Tab(1).Control(3) in SSTab1 is invalid.
Line 51: The property name Tab(1).Control(4) in SSTab1 is invalid.
Line 52: The property name Tab(1).Control(5) in SSTab1 is invalid.
Line 53: The property name Tab(1).Control(6) in SSTab1 is invalid.
Line 54: The property name Tab(1).Control(7) in SSTab1 is invalid.
Line 55: The property name Tab(1).ControlCount in SSTab1 is invalid.
Line 56: The property name TabCaption(2) in SSTab1 is invalid.
Line 57: The property name TabPicture(2) in SSTab1 is invalid.
Line 58: The property name Tab(2).ControlEnabled in SSTab1 is invalid.
Line 59: The property name Tab(2).ControlCount in SSTab1 is invalid.
Line 227: The property name _ExtentX in PicClip is invalid.
Line 228: The property name _ExtentY in PicClip is invalid.
Line 229: The property name _Version in PicClip is invalid.
