\BOOKMARK [1][-]{section.1}{\376\377\000I\000n\000t\000r\000o\000d\000u\000c\000t\000i\000o\000n\000\040}{}% 1
\BOOKMARK [1][-]{section.2}{\376\377\000T\000h\000e\000\040\000N\000C\000A\000R\000\040\000l\000a\000s\000e\000r\000\040\000a\000i\000r\000-\000m\000o\000t\000i\000o\000n\000\040\000s\000e\000n\000s\000o\000r}{}% 2
\BOOKMARK [1][-]{section.3}{\376\377\000C\000a\000l\000i\000b\000r\000a\000t\000i\000n\000g\000\040\000t\000h\000e\000\040\000p\000r\000e\000s\000s\000u\000r\000e\000-\000s\000e\000n\000s\000i\000n\000g\000\040\000s\000y\000s\000t\000e\000m}{}% 3
\BOOKMARK [2][-]{subsection.3.1}{\376\377\000D\000y\000n\000a\000m\000i\000c\000\040\000p\000r\000e\000s\000s\000u\000r\000e}{section.3}% 4
\BOOKMARK [2][-]{subsection.3.2}{\376\377\000A\000m\000b\000i\000e\000n\000t\000\040\000o\000r\000\040\000s\000t\000a\000t\000i\000c\000\040\000p\000r\000e\000s\000s\000u\000r\000e}{section.3}% 5
\BOOKMARK [2][-]{subsection.3.3}{\376\377\000S\000o\000m\000e\000\040\000r\000e\000f\000i\000n\000e\000m\000e\000n\000t\000s}{section.3}% 6
\BOOKMARK [2][-]{subsection.3.4}{\376\377\000U\000n\000c\000e\000r\000t\000a\000i\000n\000t\000y\000\040\000i\000n\000\040\000t\000h\000e\000\040\000c\000o\000r\000r\000e\000c\000t\000i\000o\000n\000s}{section.3}% 7
\BOOKMARK [2][-]{subsection.3.5}{\376\377\000F\000i\000t\000s\000\040\000t\000o\000\040\000t\000h\000e\000\040\000c\000o\000r\000r\000e\000c\000t\000i\000o\000n\000s}{section.3}% 8
\BOOKMARK [3][-]{subsubsection.3.5.1}{\376\377\000G\000V}{subsection.3.5}% 9
\BOOKMARK [3][-]{subsubsection.3.5.2}{\376\377\000C\000-\0001\0003\0000}{subsection.3.5}% 10
\BOOKMARK [2][-]{subsection.3.6}{\376\377\000C\000o\000m\000p\000a\000r\000i\000s\000o\000n\000s\000\040\000t\000o\000\040\000O\000t\000h\000e\000r\000\040\000E\000v\000i\000d\000e\000n\000c\000e}{section.3}% 11
\BOOKMARK [3][-]{subsubsection.3.6.1}{\376\377\000W\000i\000n\000d\000\040\000m\000e\000a\000s\000u\000r\000e\000m\000e\000n\000t\000s\000\040\000i\000n\000\040\000r\000e\000v\000e\000r\000s\000e\000-\000h\000e\000a\000d\000i\000n\000g\000\040\000m\000a\000n\000o\000e\000u\000v\000r\000e\000s}{subsection.3.6}% 12
\BOOKMARK [3][-]{subsubsection.3.6.2}{\376\377\000T\000h\000e\000\040\000a\000v\000i\000o\000n\000i\000c\000s\000\040\000p\000r\000e\000s\000s\000u\000r\000e\000\040\000s\000y\000s\000t\000e\000m\000\040\000o\000f\000\040\000t\000h\000e\000\040\000G\000V}{subsection.3.6}% 13
\BOOKMARK [3][-]{subsubsection.3.6.3}{\376\377\000`\000`\000D\000-\000V\000a\000l\000u\000e\000'\000'\000\040\000m\000e\000a\000s\000u\000r\000e\000m\000e\000n\000t\000s\000\040\000d\000u\000r\000i\000n\000g\000\040\000s\000p\000e\000e\000d\000\040\000r\000u\000n\000s}{subsection.3.6}% 14
\BOOKMARK [1][-]{section.4}{\376\377\000C\000o\000r\000r\000e\000c\000t\000i\000n\000g\000\040\000t\000h\000e\000\040\000m\000e\000a\000s\000u\000r\000e\000d\000\040\000a\000i\000r\000s\000p\000e\000e\000d}{}% 15
\BOOKMARK [1][-]{section.5}{\376\377\000C\000h\000e\000c\000k\000i\000n\000g\000\040\000t\000h\000e\000\040\000c\000a\000l\000i\000b\000r\000a\000t\000i\000o\000n\000s\000\040\000o\000f\000\040\000t\000h\000e\000r\000m\000o\000m\000e\000t\000e\000r\000s}{}% 16
\BOOKMARK [1][-]{section.6}{\376\377\000U\000s\000i\000n\000g\000\040\000t\000h\000e\000\040\000L\000A\000M\000S\000\040\000t\000o\000\040\000M\000e\000a\000s\000u\000r\000e\000\040\000T\000e\000m\000p\000e\000r\000a\000t\000u\000r\000e}{}% 17
\BOOKMARK [1][-]{section.7}{\376\377\000S\000u\000m\000m\000a\000r\000y\000\040\000a\000n\000d\000\040\000c\000o\000n\000c\000l\000u\000s\000i\000o\000n\000s}{}% 18
\BOOKMARK [1][-]{appendix.Alph1}{\376\377\000P\000r\000o\000p\000e\000r\000t\000i\000e\000s\000\040\000o\000f\000\040\000m\000o\000i\000s\000t\000\040\000a\000i\000r}{}% 19
\BOOKMARK [1][-]{appendix.Alph2}{\376\377\000T\000h\000e\000\040\000e\000f\000f\000e\000c\000t\000\040\000o\000f\000\040\000f\000l\000o\000w\000\040\000a\000n\000g\000l\000e\000\040\000o\000n\000\040\000m\000e\000a\000s\000u\000r\000e\000d\000\040\000t\000o\000t\000a\000l\000\040\000p\000r\000e\000s\000s\000u\000r\000e\000\040\000f\000r\000o\000m\000\040\000a\000\040\000p\000i\000t\000o\000t\000\040\000t\000u\000b\000e}{}% 20
\BOOKMARK [1][-]{section*.4}{\376\377\000R\000e\000f\000e\000r\000e\000n\000c\000e\000s}{}% 21
