\BOOKMARK [1][-]{section.1}{\376\377\000I\000n\000t\000r\000o\000d\000u\000c\000t\000i\000o\000n}{}
\BOOKMARK [1][-]{section.2}{\376\377\000G\000E\000N\000E\000R\000A\000L\000\040\000I\000N\000F\000O\000R\000M\000A\000T\000I\000O\000N}{}
\BOOKMARK [2][-]{subsection.2.1}{\376\377\000A\000l\000p\000h\000a\000b\000e\000t\000i\000c\000a\000l\000\040\000L\000i\000s\000t\000\040\000o\000f\000\040\000V\000a\000r\000i\000a\000b\000l\000e\000s\000\040}{section.2}
\BOOKMARK [2][-]{subsection.2.2}{\376\377\000S\000y\000s\000t\000e\000m\000\040\000o\000f\000\040\000U\000n\000i\000t\000s}{section.2}
\BOOKMARK [2][-]{subsection.2.3}{\376\377\000V\000a\000r\000i\000a\000b\000l\000e\000s\000\040\000U\000s\000e\000d\000\040\000T\000o\000\040\000D\000e\000n\000o\000t\000e\000\040\000T\000i\000m\000e}{section.2}
\BOOKMARK [2][-]{subsection.2.4}{\376\377\000O\000t\000h\000e\000r\000\040\000C\000o\000m\000m\000e\000n\000t\000s\000\040\000O\000n\000\040\000T\000e\000r\000m\000i\000n\000o\000l\000o\000g\000y}{section.2}
\BOOKMARK [3][-]{subsubsection.2.4.1}{\376\377\000V\000a\000r\000i\000a\000b\000l\000e\000\040\000N\000a\000m\000e\000s\000\040\000I\000n\000\040\000E\000q\000u\000a\000t\000i\000o\000n\000s}{subsection.2.4}
\BOOKMARK [3][-]{subsubsection.2.4.2}{\376\377\000D\000i\000s\000t\000i\000n\000c\000t\000i\000o\000n\000\040\000B\000e\000t\000w\000e\000e\000n\000\040\000O\000r\000i\000g\000i\000n\000a\000l\000\040\000M\000e\000a\000s\000u\000r\000e\000m\000e\000n\000t\000s\000\040\000a\000n\000d\000\040\000D\000e\000r\000i\000v\000e\000d\000\040\000M\000e\000a\000s\000u\000r\000e\000m\000e\000n\000t\000s}{subsection.2.4}
\BOOKMARK [3][-]{subsubsection.2.4.3}{\376\377\000D\000i\000m\000e\000n\000s\000i\000o\000n\000s\000\040\000i\000n\000\040\000E\000q\000u\000a\000t\000i\000o\000n\000s}{subsection.2.4}
\BOOKMARK [2][-]{subsection.2.5}{\376\377\000C\000o\000n\000s\000t\000a\000n\000t\000s\000\040\000U\000s\000e\000d\000\040\000i\000n\000\040\000D\000a\000t\000a\000\040\000P\000r\000o\000c\000e\000s\000s\000i\000n\000g}{section.2}
\BOOKMARK [1][-]{section.3}{\376\377\000T\000H\000E\000\040\000S\000T\000A\000T\000E\000\040\000O\000F\000\040\000T\000H\000E\000\040\000A\000I\000R\000C\000R\000A\000F\000T}{}
\BOOKMARK [2][-]{subsection.3.1}{\376\377\000I\000n\000e\000r\000t\000i\000a\000l\000\040\000R\000e\000f\000e\000r\000e\000n\000c\000e\000\040\000S\000y\000s\000t\000e\000m\000s}{section.3}
\BOOKMARK [2][-]{subsection.3.2}{\376\377\000G\000l\000o\000b\000a\000l\000\040\000P\000o\000s\000i\000t\000i\000o\000n\000i\000n\000g\000\040\000S\000y\000s\000t\000e\000m\000s}{section.3}
\BOOKMARK [2][-]{subsection.3.3}{\376\377\000O\000t\000h\000e\000r\000\040\000M\000e\000a\000s\000u\000r\000e\000m\000e\000n\000t\000s\000\040\000o\000f\000\040\000A\000i\000r\000c\000r\000a\000f\000t\000\040\000A\000l\000t\000i\000t\000u\000d\000e}{section.3}
\BOOKMARK [2][-]{subsection.3.4}{\376\377\000C\000o\000m\000b\000i\000n\000i\000n\000g\000\040\000I\000R\000S\000\040\000a\000n\000d\000\040\000G\000P\000S\000\040\000M\000e\000a\000s\000u\000r\000e\000m\000e\000n\000t\000s}{section.3}
\BOOKMARK [1][-]{section.4}{\376\377\000T\000H\000E\000\040\000S\000T\000A\000T\000E\000\040\000O\000F\000\040\000T\000H\000E\000\040\000A\000T\000M\000O\000S\000P\000H\000E\000R\000E}{}
\BOOKMARK [2][-]{subsection.4.1}{\376\377\000G\000e\000n\000e\000r\000a\000l\000\040\000I\000n\000f\000o\000r\000m\000a\000t\000i\000o\000n\000\040\000O\000n\000\040\000V\000a\000r\000i\000a\000b\000l\000e\000\040\000N\000a\000m\000e\000s}{section.4}
\BOOKMARK [2][-]{subsection.4.2}{\376\377\000P\000r\000e\000s\000s\000u\000r\000e\000,\000\040\000T\000e\000m\000p\000e\000r\000a\000t\000u\000r\000e\000,\000\040\000a\000n\000d\000\040\000H\000u\000m\000i\000d\000i\000t\000y}{section.4}
\BOOKMARK [1][-]{section.5}{\376\377\000W\000I\000N\000D}{}
\BOOKMARK [2][-]{subsection.5.1}{\376\377\000R\000e\000l\000a\000t\000i\000v\000e\000\040\000W\000i\000n\000d}{section.5}
\BOOKMARK [2][-]{subsection.5.2}{\376\377\000W\000i\000n\000d\000\040\000C\000o\000m\000p\000o\000n\000e\000n\000t\000s\000\040\000a\000n\000d\000\040\000t\000h\000e\000\040\000W\000i\000n\000d\000\040\000V\000e\000c\000t\000o\000r}{section.5}
\BOOKMARK [1][-]{section.6}{\376\377\000C\000L\000O\000U\000D\000\040\000P\000H\000Y\000S\000I\000C\000S\000\040\000V\000A\000R\000I\000A\000B\000L\000E\000S}{}
\BOOKMARK [2][-]{subsection.6.1}{\376\377\000M\000e\000a\000s\000u\000r\000e\000m\000e\000n\000t\000s\000\040\000o\000f\000\040\000L\000i\000q\000u\000i\000d\000\040\000W\000a\000t\000e\000r\000\040\000C\000o\000n\000t\000e\000n\000t}{section.6}
\BOOKMARK [2][-]{subsection.6.2}{\376\377\000S\000e\000n\000s\000o\000r\000s\000\040\000o\000f\000\040\000I\000n\000d\000i\000v\000i\000d\000u\000a\000l\000\040\000P\000a\000r\000t\000i\000c\000l\000e\000s\000\040\000\050\0001\000-\000D\000\040\000P\000r\000o\000b\000e\000s\000\051}{section.6}
\BOOKMARK [2][-]{subsection.6.3}{\376\377\000H\000y\000d\000r\000o\000m\000e\000t\000e\000o\000r\000\040\000I\000m\000a\000g\000i\000n\000g\000\040\000P\000r\000o\000b\000e\000s}{section.6}
\BOOKMARK [1][-]{section.7}{\376\377\000A\000I\000R\000\040\000C\000H\000E\000M\000I\000S\000T\000R\000Y\000\040\000M\000E\000A\000S\000U\000R\000E\000M\000E\000N\000T\000S}{}
\BOOKMARK [1][-]{section.8}{\376\377\000A\000E\000R\000O\000S\000O\000L\000\040\000P\000A\000R\000T\000I\000C\000L\000E\000\040\000M\000E\000A\000S\000U\000R\000E\000M\000E\000N\000T\000S}{}
\BOOKMARK [1][-]{section.9}{\376\377\000R\000A\000D\000I\000A\000T\000I\000O\000N\000\040\000V\000A\000R\000I\000A\000B\000L\000E\000S}{}
\BOOKMARK [2][-]{subsection.9.1}{\376\377\000M\000e\000a\000s\000u\000r\000e\000m\000e\000n\000t\000s\000\040\000o\000f\000\040\000I\000r\000r\000a\000d\000i\000a\000n\000c\000e\000\040\000a\000n\000d\000\040\000R\000a\000d\000i\000o\000m\000e\000t\000r\000i\000c\000\040\000T\000e\000m\000p\000e\000r\000a\000t\000u\000r\000e}{section.9}
\BOOKMARK [2][-]{subsection.9.2}{\376\377\000S\000O\000L\000A\000R\000\040\000A\000N\000G\000L\000E\000S}{section.9}
\BOOKMARK [1][-]{section.10}{\376\377\000E\000X\000P\000E\000R\000I\000M\000E\000N\000T\000A\000L\000\040\000V\000A\000R\000I\000A\000B\000L\000E\000S}{}
\BOOKMARK [1][-]{section.11}{\376\377\000O\000B\000S\000O\000L\000E\000T\000E\000\040\000V\000A\000R\000I\000A\000B\000L\000E\000S}{}
